<?xml version="1.0" encoding="UTF-8"?>
<!-- Generated by org.testng.reporters.JUnitReportReporter -->
<testsuite skipped="0" hostname="DESKTOP-TRTQ2PA" name="com.restapi.assignment.bookingapi.AppTest" tests="1" failures="0" timestamp="2021-09-08T00:23:44 IST" time="0.008" errors="0">
  <testcase name="shouldAnswerWithTrue" time="0.008" classname="com.restapi.assignment.bookingapi.AppTest"/>
  <system-out/>
</testsuite> <!-- com.restapi.assignment.bookingapi.AppTest -->
